{"created": 1762948891.0612788, "duration": 0.0435178279876709, "exitcode": 1, "root": "/workspaces/a", "environment": {}, "summary": {"failed": 10, "total": 10, "collected": 10}, "collectors": [{"nodeid": "", "outcome": "passed", "result": [{"nodeid": "assignments/round1", "type": "Dir"}]}, {"nodeid": "assignments/round1/easy-count_vowels/tests/test_task.py", "outcome": "passed", "result": [{"nodeid": "assignments/round1/easy-count_vowels/tests/test_task.py::test_count_vowels_simple", "type": "Function", "lineno": 13}, {"nodeid": "assignments/round1/easy-count_vowels/tests/test_task.py::test_count_vowels_all_vowels", "type": "Function", "lineno": 18}, {"nodeid": "assignments/round1/easy-count_vowels/tests/test_task.py::test_count_vowels_empty", "type": "Function", "lineno": 23}, {"nodeid": "assignments/round1/easy-count_vowels/tests/test_task.py::test_count_vowels_no_vowels", "type": "Function", "lineno": 28}, {"nodeid": "assignments/round1/easy-count_vowels/tests/test_task.py::test_count_vowels_case_insensitive", "type": "Function", "lineno": 33}]}, {"nodeid": "assignments/round1/easy-count_vowels/tests", "outcome": "passed", "result": [{"nodeid": "assignments/round1/easy-count_vowels/tests/test_task.py", "type": "Module"}]}, {"nodeid": "assignments/round1/easy-count_vowels", "outcome": "passed", "result": [{"nodeid": "assignments/round1/easy-count_vowels/tests", "type": "Dir"}]}, {"nodeid": "assignments/round1/medium-binary_search/tests/test_task.py", "outcome": "passed", "result": [{"nodeid": "assignments/round1/medium-binary_search/tests/test_task.py::test_binary_search_found", "type": "Function", "lineno": 13}, {"nodeid": "assignments/round1/medium-binary_search/tests/test_task.py::test_binary_search_first", "type": "Function", "lineno": 18}, {"nodeid": "assignments/round1/medium-binary_search/tests/test_task.py::test_binary_search_last", "type": "Function", "lineno": 23}, {"nodeid": "assignments/round1/medium-binary_search/tests/test_task.py::test_binary_search_not_found", "type": "Function", "lineno": 28}, {"nodeid": "assignments/round1/medium-binary_search/tests/test_task.py::test_binary_search_empty", "type": "Function", "lineno": 33}]}, {"nodeid": "assignments/round1/medium-binary_search/tests", "outcome": "passed", "result": [{"nodeid": "assignments/round1/medium-binary_search/tests/test_task.py", "type": "Module"}]}, {"nodeid": "assignments/round1/medium-binary_search", "outcome": "passed", "result": [{"nodeid": "assignments/round1/medium-binary_search/tests", "type": "Dir"}]}, {"nodeid": "assignments/round1", "outcome": "passed", "result": [{"nodeid": "assignments/round1/easy-count_vowels", "type": "Dir"}, {"nodeid": "assignments/round1/medium-binary_search", "type": "Dir"}]}], "tests": [{"nodeid": "assignments/round1/easy-count_vowels/tests/test_task.py::test_count_vowels_simple", "lineno": 13, "outcome": "failed", "keywords": ["test_count_vowels_simple", "test_task.py", "tests", "easy-count_vowels", "round1", "assignments", "a", ""], "setup": {"duration": 0.0001743769971653819, "outcome": "passed"}, "call": {"duration": 0.0002604869987408165, "outcome": "failed", "crash": {"path": "/workspaces/a/assignments/round1/easy-count_vowels/tests/test_task.py", "lineno": 16, "message": "AssertionError: assert None == 2\n +  where None = count_vowels('hello')"}, "traceback": [{"path": "assignments/round1/easy-count_vowels/tests/test_task.py", "lineno": 16, "message": "AssertionError"}], "longrepr": "def test_count_vowels_simple():\n        \"\"\"Test simple vowel counting\"\"\"\n>       assert count_vowels(\"hello\") == 2\nE       AssertionError: assert None == 2\nE        +  where None = count_vowels('hello')\n\nassignments/round1/easy-count_vowels/tests/test_task.py:16: AssertionError"}, "teardown": {"duration": 0.0001929419995576609, "outcome": "passed"}}, {"nodeid": "assignments/round1/easy-count_vowels/tests/test_task.py::test_count_vowels_all_vowels", "lineno": 18, "outcome": "failed", "keywords": ["test_count_vowels_all_vowels", "test_task.py", "tests", "easy-count_vowels", "round1", "assignments", "a", ""], "setup": {"duration": 9.827199755818583e-05, "outcome": "passed"}, "call": {"duration": 0.00021474599998327903, "outcome": "failed", "crash": {"path": "/workspaces/a/assignments/round1/easy-count_vowels/tests/test_task.py", "lineno": 21, "message": "AssertionError: assert None == 5\n +  where None = count_vowels('education')"}, "traceback": [{"path": "assignments/round1/easy-count_vowels/tests/test_task.py", "lineno": 21, "message": "AssertionError"}], "longrepr": "def test_count_vowels_all_vowels():\n        \"\"\"Test with all vowels\"\"\"\n>       assert count_vowels(\"education\") == 5\nE       AssertionError: assert None == 5\nE        +  where None = count_vowels('education')\n\nassignments/round1/easy-count_vowels/tests/test_task.py:21: AssertionError"}, "teardown": {"duration": 0.00012197999967611395, "outcome": "passed"}}, {"nodeid": "assignments/round1/easy-count_vowels/tests/test_task.py::test_count_vowels_empty", "lineno": 23, "outcome": "failed", "keywords": ["test_count_vowels_empty", "test_task.py", "tests", "easy-count_vowels", "round1", "assignments", "a", ""], "setup": {"duration": 8.771400098339655e-05, "outcome": "passed"}, "call": {"duration": 0.00018135600112145767, "outcome": "failed", "crash": {"path": "/workspaces/a/assignments/round1/easy-count_vowels/tests/test_task.py", "lineno": 26, "message": "AssertionError: assert None == 0\n +  where None = count_vowels('')"}, "traceback": [{"path": "assignments/round1/easy-count_vowels/tests/test_task.py", "lineno": 26, "message": "AssertionError"}], "longrepr": "def test_count_vowels_empty():\n        \"\"\"Test empty string\"\"\"\n>       assert count_vowels(\"\") == 0\nE       AssertionError: assert None == 0\nE        +  where None = count_vowels('')\n\nassignments/round1/easy-count_vowels/tests/test_task.py:26: AssertionError"}, "teardown": {"duration": 0.00010247399768559262, "outcome": "passed"}}, {"nodeid": "assignments/round1/easy-count_vowels/tests/test_task.py::test_count_vowels_no_vowels", "lineno": 28, "outcome": "failed", "keywords": ["test_count_vowels_no_vowels", "test_task.py", "tests", "easy-count_vowels", "round1", "assignments", "a", ""], "setup": {"duration": 7.742500019958243e-05, "outcome": "passed"}, "call": {"duration": 0.00016511400099261664, "outcome": "failed", "crash": {"path": "/workspaces/a/assignments/round1/easy-count_vowels/tests/test_task.py", "lineno": 31, "message": "AssertionError: assert None == 0\n +  where None = count_vowels('xyz')"}, "traceback": [{"path": "assignments/round1/easy-count_vowels/tests/test_task.py", "lineno": 31, "message": "AssertionError"}], "longrepr": "def test_count_vowels_no_vowels():\n        \"\"\"Test string with no vowels\"\"\"\n>       assert count_vowels(\"xyz\") == 0\nE       AssertionError: assert None == 0\nE        +  where None = count_vowels('xyz')\n\nassignments/round1/easy-count_vowels/tests/test_task.py:31: AssertionError"}, "teardown": {"duration": 0.00010402499901829287, "outcome": "passed"}}, {"nodeid": "assignments/round1/easy-count_vowels/tests/test_task.py::test_count_vowels_case_insensitive", "lineno": 33, "outcome": "failed", "keywords": ["test_count_vowels_case_insensitive", "test_task.py", "tests", "easy-count_vowels", "round1", "assignments", "a", ""], "setup": {"duration": 7.622600242029876e-05, "outcome": "passed"}, "call": {"duration": 0.0001441349995729979, "outcome": "failed", "crash": {"path": "/workspaces/a/assignments/round1/easy-count_vowels/tests/test_task.py", "lineno": 36, "message": "AssertionError: assert None == 2\n +  where None = count_vowels('HELLO')"}, "traceback": [{"path": "assignments/round1/easy-count_vowels/tests/test_task.py", "lineno": 36, "message": "AssertionError"}], "longrepr": "def test_count_vowels_case_insensitive():\n        \"\"\"Test case insensitivity\"\"\"\n>       assert count_vowels(\"HELLO\") == 2\nE       AssertionError: assert None == 2\nE        +  where None = count_vowels('HELLO')\n\nassignments/round1/easy-count_vowels/tests/test_task.py:36: AssertionError"}, "teardown": {"duration": 0.00010348599971621297, "outcome": "passed"}}, {"nodeid": "assignments/round1/medium-binary_search/tests/test_task.py::test_binary_search_found", "lineno": 13, "outcome": "failed", "keywords": ["test_binary_search_found", "test_task.py", "tests", "medium-binary_search", "round1", "assignments", "a", ""], "setup": {"duration": 8.455900024273433e-05, "outcome": "passed"}, "call": {"duration": 0.00016198599769268185, "outcome": "failed", "crash": {"path": "/workspaces/a/assignments/round1/medium-binary_search/tests/test_task.py", "lineno": 16, "message": "assert None == 2\n +  where None = binary_search([1, 2, 3, 4, 5], 3)"}, "traceback": [{"path": "assignments/round1/medium-binary_search/tests/test_task.py", "lineno": 16, "message": "AssertionError"}], "longrepr": "def test_binary_search_found():\n        \"\"\"Test finding element\"\"\"\n>       assert binary_search([1, 2, 3, 4, 5], 3) == 2\nE       assert None == 2\nE        +  where None = binary_search([1, 2, 3, 4, 5], 3)\n\nassignments/round1/medium-binary_search/tests/test_task.py:16: AssertionError"}, "teardown": {"duration": 0.00010177500007557683, "outcome": "passed"}}, {"nodeid": "assignments/round1/medium-binary_search/tests/test_task.py::test_binary_search_first", "lineno": 18, "outcome": "failed", "keywords": ["test_binary_search_first", "test_task.py", "tests", "medium-binary_search", "round1", "assignments", "a", ""], "setup": {"duration": 8.15050007076934e-05, "outcome": "passed"}, "call": {"duration": 0.00028783299785573035, "outcome": "failed", "crash": {"path": "/workspaces/a/assignments/round1/medium-binary_search/tests/test_task.py", "lineno": 21, "message": "assert None == 0\n +  where None = binary_search([1, 2, 3, 4, 5], 1)"}, "traceback": [{"path": "assignments/round1/medium-binary_search/tests/test_task.py", "lineno": 21, "message": "AssertionError"}], "longrepr": "def test_binary_search_first():\n        \"\"\"Test finding first element\"\"\"\n>       assert binary_search([1, 2, 3, 4, 5], 1) == 0\nE       assert None == 0\nE        +  where None = binary_search([1, 2, 3, 4, 5], 1)\n\nassignments/round1/medium-binary_search/tests/test_task.py:21: AssertionError"}, "teardown": {"duration": 0.00016504299856023863, "outcome": "passed"}}, {"nodeid": "assignments/round1/medium-binary_search/tests/test_task.py::test_binary_search_last", "lineno": 23, "outcome": "failed", "keywords": ["test_binary_search_last", "test_task.py", "tests", "medium-binary_search", "round1", "assignments", "a", ""], "setup": {"duration": 0.00013193199993111193, "outcome": "passed"}, "call": {"duration": 0.00024212000062107109, "outcome": "failed", "crash": {"path": "/workspaces/a/assignments/round1/medium-binary_search/tests/test_task.py", "lineno": 26, "message": "assert None == 4\n +  where None = binary_search([1, 2, 3, 4, 5], 5)"}, "traceback": [{"path": "assignments/round1/medium-binary_search/tests/test_task.py", "lineno": 26, "message": "AssertionError"}], "longrepr": "def test_binary_search_last():\n        \"\"\"Test finding last element\"\"\"\n>       assert binary_search([1, 2, 3, 4, 5], 5) == 4\nE       assert None == 4\nE        +  where None = binary_search([1, 2, 3, 4, 5], 5)\n\nassignments/round1/medium-binary_search/tests/test_task.py:26: AssertionError"}, "teardown": {"duration": 0.00012980300016351976, "outcome": "passed"}}, {"nodeid": "assignments/round1/medium-binary_search/tests/test_task.py::test_binary_search_not_found", "lineno": 28, "outcome": "failed", "keywords": ["test_binary_search_not_found", "test_task.py", "tests", "medium-binary_search", "round1", "assignments", "a", ""], "setup": {"duration": 7.52099986129906e-05, "outcome": "passed"}, "call": {"duration": 0.0001516070005891379, "outcome": "failed", "crash": {"path": "/workspaces/a/assignments/round1/medium-binary_search/tests/test_task.py", "lineno": 31, "message": "assert None == -1\n +  where None = binary_search([1, 2, 3, 4, 5], 6)"}, "traceback": [{"path": "assignments/round1/medium-binary_search/tests/test_task.py", "lineno": 31, "message": "AssertionError"}], "longrepr": "def test_binary_search_not_found():\n        \"\"\"Test element not in array\"\"\"\n>       assert binary_search([1, 2, 3, 4, 5], 6) == -1\nE       assert None == -1\nE        +  where None = binary_search([1, 2, 3, 4, 5], 6)\n\nassignments/round1/medium-binary_search/tests/test_task.py:31: AssertionError"}, "teardown": {"duration": 0.00013518600098905154, "outcome": "passed"}}, {"nodeid": "assignments/round1/medium-binary_search/tests/test_task.py::test_binary_search_empty", "lineno": 33, "outcome": "failed", "keywords": ["test_binary_search_empty", "test_task.py", "tests", "medium-binary_search", "round1", "assignments", "a", ""], "setup": {"duration": 0.00011887800064869225, "outcome": "passed"}, "call": {"duration": 0.0002057170022453647, "outcome": "failed", "crash": {"path": "/workspaces/a/assignments/round1/medium-binary_search/tests/test_task.py", "lineno": 36, "message": "assert None == -1\n +  where None = binary_search([], 5)"}, "traceback": [{"path": "assignments/round1/medium-binary_search/tests/test_task.py", "lineno": 36, "message": "AssertionError"}], "longrepr": "def test_binary_search_empty():\n        \"\"\"Test empty array\"\"\"\n>       assert binary_search([], 5) == -1\nE       assert None == -1\nE        +  where None = binary_search([], 5)\n\nassignments/round1/medium-binary_search/tests/test_task.py:36: AssertionError"}, "teardown": {"duration": 0.00014033299885340966, "outcome": "passed"}}]}